# JRE version: OpenJDK Runtime Environment (24.0.1+9) (build 24.0.1+9-30)
# Java VM: OpenJDK 64-Bit Server VM (24.0.1+9-30, mixed mode, sharing, tiered, compressed oops, compressed class ptrs, g1 gc, windows-amd64)
GC Precious Log:
 CardTable entry size: 512
 Card Set container configuration: InlinePtr #cards 5 size 8 Array Of Cards #cards 10 size 36 Howl #buckets 4 coarsen threshold 1843 Howl Bitmap #cards 512 size 80 coarsen threshold 460 Card regions per heap region 1 cards per card region 2048
 CPUs: 4 total, 4 available
 Memory: 7594M
 Large Page Support: Disabled
 NUMA Support: Disabled
 Compressed Oops: Enabled (32-bit)
 Heap Region Size: 1M
 Heap Min Capacity: 8M
 Heap Initial Capacity: 120M
 Heap Max Capacity: 1900M
 Pre-touch: Disabled
 Parallel Workers: 4
 Concurrent Workers: 1
 Concurrent Refinement Workers: 4
 Periodic GC: Disabled
Heap:
 garbage-first heap   total reserved 1945600K, committed 56320K, used 31086K [0x0000000089400000, 0x0000000100000000)
  region size 1024K, 4 young (4096K), 2 survivors (2048K)
 Metaspace       used 77407K, committed 78016K, reserved 1179648K
  class space    used 8139K, committed 8448K, reserved 1048576K
GC Heap History (20 events):
Event: 4070.362 GC heap before
{Heap before GC invocations=39 (full 0):
 garbage-first heap   total reserved 1945600K, committed 56320K, used 48256K [0x0000000089400000, 0x0000000100000000)
  region size 1024K, 20 young (20480K), 3 survivors (3072K)
 Metaspace       used 75885K, committed 76480K, reserved 1179648K
  class space    used 8075K, committed 8384K, reserved 1048576K
}
Event: 4070.372 GC heap after
{Heap after GC invocations=40 (full 0):
 garbage-first heap   total reserved 1945600K, committed 56320K, used 31049K [0x0000000089400000, 0x0000000100000000)
  region size 1024K, 2 young (2048K), 2 survivors (2048K)
 Metaspace       used 75885K, committed 76480K, reserved 1179648K
  class space    used 8075K, committed 8384K, reserved 1048576K
}
Event: 4304.717 GC heap before
{Heap before GC invocations=40 (full 0):
 garbage-first heap   total reserved 1945600K, committed 56320K, used 48457K [0x0000000089400000, 0x0000000100000000)
  region size 1024K, 20 young (20480K), 2 survivors (2048K)
 Metaspace       used 76231K, committed 76864K, reserved 1179648K
  class space    used 8105K, committed 8384K, reserved 1048576K
}
Event: 4304.729 GC heap after
{Heap after GC invocations=41 (full 0):
 garbage-first heap   total reserved 1945600K, committed 56320K, used 30417K [0x0000000089400000, 0x0000000100000000)
  region size 1024K, 2 young (2048K), 2 survivors (2048K)
 Metaspace       used 76231K, committed 76864K, reserved 1179648K
  class space    used 8105K, committed 8384K, reserved 1048576K
}
Event: 4574.495 GC heap before
{Heap before GC invocations=41 (full 0):
 garbage-first heap   total reserved 1945600K, committed 56320K, used 48849K [0x0000000089400000, 0x0000000100000000)
  region size 1024K, 21 young (21504K), 2 survivors (2048K)
 Metaspace       used 76393K, committed 76992K, reserved 1179648K
  class space    used 8125K, committed 8384K, reserved 1048576K
}
Event: 4574.502 GC heap after
{Heap after GC invocations=42 (full 0):
 garbage-first heap   total reserved 1945600K, committed 56320K, used 30450K [0x0000000089400000, 0x0000000100000000)
  region size 1024K, 2 young (2048K), 2 survivors (2048K)
 Metaspace       used 76393K, committed 76992K, reserved 1179648K
  class space    used 8125K, committed 8384K, reserved 1048576K
}
Event: 4879.744 GC heap before
{Heap before GC invocations=43 (full 0):
 garbage-first heap   total reserved 1945600K, committed 56320K, used 48882K [0x0000000089400000, 0x0000000100000000)
  region size 1024K, 20 young (20480K), 2 survivors (2048K)
 Metaspace       used 76388K, committed 76992K, reserved 1179648K
  class space    used 8123K, committed 8384K, reserved 1048576K
}
Event: 4879.750 GC heap after
{Heap after GC invocations=44 (full 0):
 garbage-first heap   total reserved 1945600K, committed 56320K, used 30454K [0x0000000089400000, 0x0000000100000000)
  region size 1024K, 2 young (2048K), 2 survivors (2048K)
 Metaspace       used 76388K, committed 76992K, reserved 1179648K
  class space    used 8123K, committed 8384K, reserved 1048576K
}
Event: 5077.010 GC heap before
{Heap before GC invocations=44 (full 0):
 garbage-first heap   total reserved 1945600K, committed 56320K, used 47862K [0x0000000089400000, 0x0000000100000000)
  region size 1024K, 20 young (20480K), 2 survivors (2048K)
 Metaspace       used 76627K, committed 77248K, reserved 1179648K
  class space    used 8125K, committed 8384K, reserved 1048576K
}
Event: 5077.023 GC heap after
{Heap after GC invocations=45 (full 0):
 garbage-first heap   total reserved 1945600K, committed 56320K, used 30144K [0x0000000089400000, 0x0000000100000000)
  region size 1024K, 2 young (2048K), 2 survivors (2048K)
 Metaspace       used 76627K, committed 77248K, reserved 1179648K
  class space    used 8125K, committed 8384K, reserved 1048576K
}
Event: 5320.232 GC heap before
{Heap before GC invocations=45 (full 0):
 garbage-first heap   total reserved 1945600K, committed 56320K, used 48576K [0x0000000089400000, 0x0000000100000000)
  region size 1024K, 21 young (21504K), 2 survivors (2048K)
 Metaspace       used 76863K, committed 77440K, reserved 1179648K
  class space    used 8130K, committed 8384K, reserved 1048576K
}
Event: 5320.238 GC heap after
{Heap after GC invocations=46 (full 0):
 garbage-first heap   total reserved 1945600K, committed 56320K, used 30108K [0x0000000089400000, 0x0000000100000000)
  region size 1024K, 2 young (2048K), 2 survivors (2048K)
 Metaspace       used 76863K, committed 77440K, reserved 1179648K
  class space    used 8130K, committed 8384K, reserved 1048576K
}
Event: 5565.638 GC heap before
{Heap before GC invocations=47 (full 0):
 garbage-first heap   total reserved 1945600K, committed 56320K, used 49564K [0x0000000089400000, 0x0000000100000000)
  region size 1024K, 21 young (21504K), 2 survivors (2048K)
 Metaspace       used 77045K, committed 77696K, reserved 1179648K
  class space    used 8133K, committed 8384K, reserved 1048576K
}
Event: 5565.645 GC heap after
{Heap after GC invocations=48 (full 0):
 garbage-first heap   total reserved 1945600K, committed 56320K, used 30193K [0x0000000089400000, 0x0000000100000000)
  region size 1024K, 2 young (2048K), 2 survivors (2048K)
 Metaspace       used 77045K, committed 77696K, reserved 1179648K
  class space    used 8133K, committed 8384K, reserved 1048576K
}
Event: 5781.112 GC heap before
{Heap before GC invocations=48 (full 0):
 garbage-first heap   total reserved 1945600K, committed 56320K, used 48625K [0x0000000089400000, 0x0000000100000000)
  region size 1024K, 21 young (21504K), 2 survivors (2048K)
 Metaspace       used 77186K, committed 77760K, reserved 1179648K
  class space    used 8137K, committed 8384K, reserved 1048576K
}
Event: 5781.134 GC heap after
{Heap after GC invocations=49 (full 0):
 garbage-first heap   total reserved 1945600K, committed 56320K, used 30027K [0x0000000089400000, 0x0000000100000000)
  region size 1024K, 2 young (2048K), 2 survivors (2048K)
 Metaspace       used 77186K, committed 77760K, reserved 1179648K
  class space    used 8137K, committed 8384K, reserved 1048576K
}
Event: 6001.371 GC heap before
{Heap before GC invocations=49 (full 0):
 garbage-first heap   total reserved 1945600K, committed 56320K, used 48459K [0x0000000089400000, 0x0000000100000000)
  region size 1024K, 21 young (21504K), 2 survivors (2048K)
 Metaspace       used 77297K, committed 77888K, reserved 1179648K
  class space    used 8138K, committed 8384K, reserved 1048576K
}
Event: 6001.379 GC heap after
{Heap after GC invocations=50 (full 0):
 garbage-first heap   total reserved 1945600K, committed 56320K, used 30118K [0x0000000089400000, 0x0000000100000000)
  region size 1024K, 2 young (2048K), 2 survivors (2048K)
 Metaspace       used 77297K, committed 77888K, reserved 1179648K
  class space    used 8138K, committed 8384K, reserved 1048576K
}
Event: 6284.777 GC heap before
{Heap before GC invocations=51 (full 0):
 garbage-first heap   total reserved 1945600K, committed 56320K, used 49574K [0x0000000089400000, 0x0000000100000000)
  region size 1024K, 21 young (21504K), 2 survivors (2048K)
 Metaspace       used 77407K, committed 78016K, reserved 1179648K
  class space    used 8139K, committed 8448K, reserved 1048576K
}
Event: 6284.783 GC heap after
{Heap after GC invocations=52 (full 0):
 garbage-first heap   total reserved 1945600K, committed 56320K, used 30062K [0x0000000089400000, 0x0000000100000000)
  region size 1024K, 2 young (2048K), 2 survivors (2048K)
 Metaspace       used 77407K, committed 78016K, reserved 1179648K
  class space    used 8139K, committed 8448K, reserved 1048576K
}

