# JRE version: OpenJDK Runtime Environment (24.0.1+9) (build 24.0.1+9-30)
# Java VM: OpenJDK 64-Bit Server VM (24.0.1+9-30, mixed mode, sharing, tiered, compressed oops, compressed class ptrs, g1 gc, windows-amd64)
GC Precious Log:
 CardTable entry size: 512
 Card Set container configuration: InlinePtr #cards 5 size 8 Array Of Cards #cards 10 size 36 Howl #buckets 4 coarsen threshold 1843 Howl Bitmap #cards 512 size 80 coarsen threshold 460 Card regions per heap region 1 cards per card region 2048
 CPUs: 4 total, 4 available
 Memory: 7594M
 Large Page Support: Disabled
 NUMA Support: Disabled
 Compressed Oops: Enabled (32-bit)
 Heap Region Size: 1M
 Heap Min Capacity: 8M
 Heap Initial Capacity: 120M
 Heap Max Capacity: 1900M
 Pre-touch: Disabled
 Parallel Workers: 4
 Concurrent Workers: 1
 Concurrent Refinement Workers: 4
 Periodic GC: Disabled
Heap:
 garbage-first heap   total reserved 1945600K, committed 63488K, used 29929K [0x0000000089400000, 0x0000000100000000)
  region size 1024K, 10 young (10240K), 1 survivors (1024K)
 Metaspace       used 37812K, committed 38272K, reserved 1114112K
  class space    used 3962K, committed 4160K, reserved 1048576K
GC Heap History (12 events):
Event: 3.554 GC heap before
{Heap before GC invocations=0 (full 0):
 garbage-first heap   total reserved 1945600K, committed 124928K, used 31856K [0x0000000089400000, 0x0000000100000000)
  region size 1024K, 28 young (28672K), 0 survivors (0K)
 Metaspace       used 7123K, committed 7296K, reserved 1114112K
  class space    used 687K, committed 768K, reserved 1048576K
}
Event: 3.564 GC heap after
{Heap after GC invocations=1 (full 0):
 garbage-first heap   total reserved 1945600K, committed 124928K, used 8786K [0x0000000089400000, 0x0000000100000000)
  region size 1024K, 4 young (4096K), 4 survivors (4096K)
 Metaspace       used 7123K, committed 7296K, reserved 1114112K
  class space    used 687K, committed 768K, reserved 1048576K
}
Event: 8.691 GC heap before
{Heap before GC invocations=1 (full 0):
 garbage-first heap   total reserved 1945600K, committed 124928K, used 56914K [0x0000000089400000, 0x0000000100000000)
  region size 1024K, 52 young (53248K), 4 survivors (4096K)
 Metaspace       used 19805K, committed 20160K, reserved 1114112K
  class space    used 1941K, committed 2112K, reserved 1048576K
}
Event: 8.717 GC heap after
{Heap after GC invocations=2 (full 0):
 garbage-first heap   total reserved 1945600K, committed 124928K, used 14413K [0x0000000089400000, 0x0000000100000000)
  region size 1024K, 6 young (6144K), 6 survivors (6144K)
 Metaspace       used 19805K, committed 20160K, reserved 1114112K
  class space    used 1941K, committed 2112K, reserved 1048576K
}
Event: 12.112 GC heap before
{Heap before GC invocations=2 (full 0):
 garbage-first heap   total reserved 1945600K, committed 124928K, used 28749K [0x0000000089400000, 0x0000000100000000)
  region size 1024K, 21 young (21504K), 6 survivors (6144K)
 Metaspace       used 21176K, committed 21504K, reserved 1114112K
  class space    used 2069K, committed 2240K, reserved 1048576K
}
Event: 12.127 GC heap after
{Heap after GC invocations=3 (full 0):
 garbage-first heap   total reserved 1945600K, committed 124928K, used 15423K [0x0000000089400000, 0x0000000100000000)
  region size 1024K, 2 young (2048K), 2 survivors (2048K)
 Metaspace       used 21176K, committed 21504K, reserved 1114112K
  class space    used 2069K, committed 2240K, reserved 1048576K
}
Event: 22.956 GC heap before
{Heap before GC invocations=4 (full 0):
 garbage-first heap   total reserved 1945600K, committed 58368K, used 56383K [0x0000000089400000, 0x0000000100000000)
  region size 1024K, 42 young (43008K), 2 survivors (2048K)
 Metaspace       used 27413K, committed 27840K, reserved 1114112K
  class space    used 2834K, committed 3008K, reserved 1048576K
}
Event: 22.970 GC heap after
{Heap after GC invocations=5 (full 0):
 garbage-first heap   total reserved 1945600K, committed 63488K, used 18670K [0x0000000089400000, 0x0000000100000000)
  region size 1024K, 5 young (5120K), 5 survivors (5120K)
 Metaspace       used 27413K, committed 27840K, reserved 1114112K
  class space    used 2834K, committed 3008K, reserved 1048576K
}
Event: 40.571 GC heap before
{Heap before GC invocations=5 (full 0):
 garbage-first heap   total reserved 1945600K, committed 63488K, used 45294K [0x0000000089400000, 0x0000000100000000)
  region size 1024K, 31 young (31744K), 5 survivors (5120K)
 Metaspace       used 32576K, committed 33088K, reserved 1114112K
  class space    used 3372K, committed 3584K, reserved 1048576K
}
Event: 40.587 GC heap after
{Heap after GC invocations=6 (full 0):
 garbage-first heap   total reserved 1945600K, committed 63488K, used 20793K [0x0000000089400000, 0x0000000100000000)
  region size 1024K, 3 young (3072K), 3 survivors (3072K)
 Metaspace       used 32576K, committed 33088K, reserved 1114112K
  class space    used 3372K, committed 3584K, reserved 1048576K
}
Event: 44.069 GC heap before
{Heap before GC invocations=6 (full 0):
 garbage-first heap   total reserved 1945600K, committed 63488K, used 31033K [0x0000000089400000, 0x0000000100000000)
  region size 1024K, 15 young (15360K), 3 survivors (3072K)
 Metaspace       used 35529K, committed 35968K, reserved 1114112K
  class space    used 3695K, committed 3904K, reserved 1048576K
}
Event: 44.077 GC heap after
{Heap after GC invocations=7 (full 0):
 garbage-first heap   total reserved 1945600K, committed 63488K, used 21737K [0x0000000089400000, 0x0000000100000000)
  region size 1024K, 1 young (1024K), 1 survivors (1024K)
 Metaspace       used 35529K, committed 35968K, reserved 1114112K
  class space    used 3695K, committed 3904K, reserved 1048576K
}

